<?xml version="1.0" encoding="UTF-8"?>
<!-- Generated by org.testng.reporters.JUnitReportReporter -->
<testsuite hostname="DESKTOP-5USIHLI" failures="0" tests="1" name="testsLogin.LoginFailTest" time="3.605" errors="0" timestamp="2024-01-14T20:43:49 CET" skipped="0">
  <testcase classname="testsLogin.LoginFailTest" name="testLoginFail" time="3.605"/>
</testsuite> <!-- testsLogin.LoginFailTest -->
