<?xml version="1.0" encoding="UTF-8"?>
<!-- Generated by org.testng.reporters.JUnitReportReporter -->
<testsuite hostname="DESKTOP-5USIHLI" failures="0" tests="1" name="testsLogin.LoginSuccessTest" time="1.771" errors="0" timestamp="2024-01-14T20:43:49 CET" skipped="0">
  <testcase classname="testsLogin.LoginSuccessTest" name="testLoginSuccess" time="1.771"/>
</testsuite> <!-- testsLogin.LoginSuccessTest -->
